<?xml version="1.0" encoding="UTF-8"?>
<testng-results skipped="0" failed="0" ignored="0" total="1" passed="1">
  <reporter-output>
  </reporter-output>
  <suite name="Suite" duration-ms="53" started-at="2019-02-20T04:57:02Z" finished-at="2019-02-20T04:57:02Z">
    <groups>
    </groups>
    <test name="Test" duration-ms="53" started-at="2019-02-20T04:57:02Z" finished-at="2019-02-20T04:57:02Z">
      <class name="eiffel.tower">
        <test-method status="PASS" signature="paris()[pri:0, instance:eiffel.tower@5dfcfece]" name="paris" duration-ms="16" started-at="2019-02-20T04:57:02Z" finished-at="2019-02-20T04:57:02Z">
          <reporter-output>
          </reporter-output>
        </test-method> <!-- paris -->
      </class> <!-- eiffel.tower -->
    </test> <!-- Test -->
  </suite> <!-- Suite -->
</testng-results>
