<?xml version="1.0" encoding="UTF-8"?>
<testng-results skipped="0" failed="0" ignored="0" total="1" passed="1">
  <reporter-output>
  </reporter-output>
  <suite name="Default suite" duration-ms="57" started-at="2019-02-19T10:35:51Z" finished-at="2019-02-19T10:35:51Z">
    <groups>
    </groups>
    <test name="Default test" duration-ms="57" started-at="2019-02-19T10:35:51Z" finished-at="2019-02-19T10:35:51Z">
      <class name="eiffel.tower">
        <test-method status="PASS" signature="paris()[pri:0, instance:eiffel.tower@6d8a00e3]" name="paris" duration-ms="9" started-at="2019-02-19T10:35:51Z" finished-at="2019-02-19T10:35:51Z">
          <reporter-output>
          </reporter-output>
        </test-method> <!-- paris -->
      </class> <!-- eiffel.tower -->
    </test> <!-- Default test -->
  </suite> <!-- Default suite -->
</testng-results>
